Arguments: 
  C:\Program Files\nodejs\node.exe C:\Program Files\nodejs\node_modules\yarn\bin\yarn.js add react react-scripts react-dom react-route-dom typescript node-sass redux redux-thunk antd react-bootstrap

PATH: 
  C:\Program Files (x86)\Common Files\Oracle\Java\javapath;C:\Windows\system32;C:\Windows;C:\Windows\System32\Wbem;C:\Windows\System32\WindowsPowerShell\v1.0\;C:\Windows\System32\OpenSSH\;C:\Program Files\Git\cmd;C:\Program Files\Java\jdk1.8.0_202\bin;C:\Users\User\AppData\Roaming\nvm;C:\Program Files\nodejs;%LOCALAPPDATA%\Android\Sdk\platform-tools;C:\Users\User\AppData\Local\Android\Sdk\emulator;C:\Users\User\AppData\Local\Android\Sdk\tools;C:\Users\User\AppData\Local\Android\Sdk\tools\bin;C:\Users\User\AppData\Local\Android\Sdk\platform-tools;C:\Users\User\AppData\Local\Microsoft\WindowsApps;C:\Users\User\AppData\Local\Programs\Microsoft VS Code\bin;C:\Users\User\AppData\Roaming\npm;C:\Users\User\AppData\Roaming\nvm;C:\Program Files\nodejs

Yarn version: 
  1.22.17

Node version: 
  14.18.1

Platform: 
  win32 x64

Trace: 
  Error: https://registry.yarnpkg.com/react-route-dom: Not found
      at Request.params.callback [as _callback] (C:\Users\User\AppData\Roaming\nvm\v14.18.1\node_modules\yarn\lib\cli.js:67029:18)
      at Request.self.callback (C:\Users\User\AppData\Roaming\nvm\v14.18.1\node_modules\yarn\lib\cli.js:140883:22)
      at Request.emit (events.js:400:28)
      at Request.<anonymous> (C:\Users\User\AppData\Roaming\nvm\v14.18.1\node_modules\yarn\lib\cli.js:141855:10)
      at Request.emit (events.js:400:28)
      at IncomingMessage.<anonymous> (C:\Users\User\AppData\Roaming\nvm\v14.18.1\node_modules\yarn\lib\cli.js:141777:12)
      at Object.onceWrapper (events.js:519:28)
      at IncomingMessage.emit (events.js:412:35)
      at endReadableNT (internal/streams/readable.js:1334:12)
      at processTicksAndRejections (internal/process/task_queues.js:82:21)

npm manifest: 
  {
    "name": "FundacionLazosAncestrales",
    "version": "1.0.0",
    "main": "index.js",
    "license": "MIT"
  }

yarn manifest: 
  No manifest

Lockfile: 
  No lockfile
